[0.000][INFO]:      ChromeDriver 23.0.1240.0 /Users/akasatana/local/bin/chromedriver
[0.216][FINE]:      Initializing session with capabilities {
   "browserName": "chrome",
   "chrome.detach": true,
   "chromeOptions": {
      "detach": true
   },
   "cssSelectorsEnabled": true,
   "javascriptEnabled": true,
   "nativeEvents": false,
   "platform": "ANY",
   "rotatable": false,
   "takesScreenshot": false,
   "version": ""
}

[0.217][INFO]:      Using named testing interface
[0.723][INFO]:      Connected to Chrome successfully. Version: 27.0.1453.93
[0.736][FINE]:      Command received (/session/724c58da8ba6e81a69f7cb3c3583038a)
[0.736][FINE]:      Command finished (/session/724c58da8ba6e81a69f7cb3c3583038a) with response {
   "sessionId": "724c58da8ba6e81a69f7cb3c3583038a",
   "status": 0,
   "value": {
      "acceptSslCerts": false,
      "applicationCacheEnabled": false,
      "browserConnectionEnabled": false,
      "browserName": "chrome",
      "chrome.chromedriverVersion": "23.0.1240.0",
      "chrome.nativeEvents": false,
      "cssSelectorsEnabled": true,
      "databaseEnabled": false,
      "handlesAlerts": true,
      "javascriptEnabled": true,
      "locationContextEnabled": false,
      "nativeEvents": true,
      "platform": "mac",
      "rotatable": false,
      "takesScreenshot": true,
      "version": "27.0.1453.93",
      "webStorageEnabled": true
   }
}

[0.738][FINE]:      Command received (/session/724c58da8ba6e81a69f7cb3c3583038a/url) with params {
   "url": "http://portal.titech.ac.jp"
}

[0.738][FINER]:     Waiting for all views to stop loading...
[0.754][FINER]:     Done waiting for all views to stop loading
[1.079][FINER]:     Waiting for all views to stop loading...
[1.079][FINER]:     Done waiting for all views to stop loading
[1.080][FINE]:      Command finished (/session/724c58da8ba6e81a69f7cb3c3583038a/url) with response {
   "sessionId": "724c58da8ba6e81a69f7cb3c3583038a",
   "status": 0,
   "value": {

   }
}

[1.082][FINE]:      Command received (/session/724c58da8ba6e81a69f7cb3c3583038a/element) with params {
   "using": "name",
   "value": "login2"
}

[1.082][FINER]:     Waiting for all views to stop loading...
[1.083][FINER]:     Done waiting for all views to stop loading
[1.188][FINER]:     Waiting for all views to stop loading...
[1.188][FINER]:     Done waiting for all views to stop loading
[1.188][FINE]:      Command finished (/session/724c58da8ba6e81a69f7cb3c3583038a/element) with response {
   "sessionId": "724c58da8ba6e81a69f7cb3c3583038a",
   "status": 0,
   "value": {
      "ELEMENT": ":wdc:1369652152563"
   }
}

[1.195][FINE]:      Command received (/session/724c58da8ba6e81a69f7cb3c3583038a/element/:wdc:1369652152563/submit) with params {

}

[1.195][FINER]:     Waiting for all views to stop loading...
[1.195][FINER]:     Done waiting for all views to stop loading
[1.225][FINER]:     Waiting for all views to stop loading...
[1.515][FINER]:     Done waiting for all views to stop loading
[1.515][FINE]:      Command finished (/session/724c58da8ba6e81a69f7cb3c3583038a/element/:wdc:1369652152563/submit) with response {
   "sessionId": "724c58da8ba6e81a69f7cb3c3583038a",
   "status": 0,
   "value": null
}

[1.517][FINE]:      Command received (/session/724c58da8ba6e81a69f7cb3c3583038a/element) with params {
   "using": "name",
   "value": "login"
}

[1.517][FINER]:     Waiting for all views to stop loading...
[1.553][FINER]:     Done waiting for all views to stop loading
[1.569][FINER]:     Waiting for all views to stop loading...
[1.569][FINER]:     Done waiting for all views to stop loading
[1.569][FINE]:      Command finished (/session/724c58da8ba6e81a69f7cb3c3583038a/element) with response {
   "sessionId": "724c58da8ba6e81a69f7cb3c3583038a",
   "status": 0,
   "value": {
      "ELEMENT": ":wdc:1369652152943"
   }
}

[1.571][FINE]:      Command received (/session/724c58da8ba6e81a69f7cb3c3583038a/element/:wdc:1369652152943/text)
[1.571][FINER]:     Waiting for all views to stop loading...
[1.571][FINER]:     Done waiting for all views to stop loading
[1.610][FINER]:     Waiting for all views to stop loading...
[1.611][FINER]:     Done waiting for all views to stop loading
[1.611][FINE]:      Command finished (/session/724c58da8ba6e81a69f7cb3c3583038a/element/:wdc:1369652152943/text) with response {
   "sessionId": "724c58da8ba6e81a69f7cb3c3583038a",
   "status": 0,
   "value": "Please input your account & password.\nAccount\nPassword"
}

[1.673][FINE]:      Command received (/session/724c58da8ba6e81a69f7cb3c3583038a/element) with params {
   "using": "name",
   "value": "usr_name"
}

[1.673][FINER]:     Waiting for all views to stop loading...
[1.673][FINER]:     Done waiting for all views to stop loading
[1.684][FINER]:     Waiting for all views to stop loading...
[1.684][FINER]:     Done waiting for all views to stop loading
[1.684][FINE]:      Command finished (/session/724c58da8ba6e81a69f7cb3c3583038a/element) with response {
   "sessionId": "724c58da8ba6e81a69f7cb3c3583038a",
   "status": 0,
   "value": {
      "ELEMENT": ":wdc:1369652152944"
   }
}

[1.686][FINE]:      Command received (/session/724c58da8ba6e81a69f7cb3c3583038a/element/:wdc:1369652152944/value) with params {
   "value": [ "12B15286" ]
}

[1.686][FINER]:     Waiting for all views to stop loading...
[1.686][FINER]:     Done waiting for all views to stop loading
[1.934][FINER]:     Waiting for all views to stop loading...
[1.935][FINER]:     Done waiting for all views to stop loading
[1.935][FINE]:      Command finished (/session/724c58da8ba6e81a69f7cb3c3583038a/element/:wdc:1369652152944/value) with response {
   "sessionId": "724c58da8ba6e81a69f7cb3c3583038a",
   "status": 0,
   "value": {

   }
}

[1.936][FINE]:      Command received (/session/724c58da8ba6e81a69f7cb3c3583038a/element) with params {
   "using": "name",
   "value": "usr_password"
}

[1.936][FINER]:     Waiting for all views to stop loading...
[1.936][FINER]:     Done waiting for all views to stop loading
[1.947][FINER]:     Waiting for all views to stop loading...
[1.947][FINER]:     Done waiting for all views to stop loading
[1.947][FINE]:      Command finished (/session/724c58da8ba6e81a69f7cb3c3583038a/element) with response {
   "sessionId": "724c58da8ba6e81a69f7cb3c3583038a",
   "status": 0,
   "value": {
      "ELEMENT": ":wdc:1369652152945"
   }
}

[1.949][FINE]:      Command received (/session/724c58da8ba6e81a69f7cb3c3583038a/element/:wdc:1369652152945/value) with params {
   "value": [ "akasatana" ]
}

[1.949][FINER]:     Waiting for all views to stop loading...
[1.949][FINER]:     Done waiting for all views to stop loading
[2.150][FINER]:     Waiting for all views to stop loading...
[2.151][FINER]:     Done waiting for all views to stop loading
[2.151][FINE]:      Command finished (/session/724c58da8ba6e81a69f7cb3c3583038a/element/:wdc:1369652152945/value) with response {
   "sessionId": "724c58da8ba6e81a69f7cb3c3583038a",
   "status": 0,
   "value": {

   }
}

[2.153][FINE]:      Command received (/session/724c58da8ba6e81a69f7cb3c3583038a/element) with params {
   "using": "name",
   "value": "OK"
}

[2.153][FINER]:     Waiting for all views to stop loading...
[2.153][FINER]:     Done waiting for all views to stop loading
[2.165][FINER]:     Waiting for all views to stop loading...
[2.166][FINER]:     Done waiting for all views to stop loading
[2.166][FINE]:      Command finished (/session/724c58da8ba6e81a69f7cb3c3583038a/element) with response {
   "sessionId": "724c58da8ba6e81a69f7cb3c3583038a",
   "status": 0,
   "value": {
      "ELEMENT": ":wdc:1369652152946"
   }
}

[2.167][FINE]:      Command received (/session/724c58da8ba6e81a69f7cb3c3583038a/element/:wdc:1369652152946/click) with params {

}

[2.167][FINER]:     Waiting for all views to stop loading...
[2.167][FINER]:     Done waiting for all views to stop loading
[2.201][FINER]:     Waiting for all views to stop loading...
[2.780][FINER]:     Done waiting for all views to stop loading
[2.780][FINE]:      Command finished (/session/724c58da8ba6e81a69f7cb3c3583038a/element/:wdc:1369652152946/click) with response {
   "sessionId": "724c58da8ba6e81a69f7cb3c3583038a",
   "status": 0,
   "value": {

   }
}

[2.782][FINE]:      Command received (/session/724c58da8ba6e81a69f7cb3c3583038a/element) with params {
   "using": "name",
   "value": "login"
}

[2.782][FINER]:     Waiting for all views to stop loading...
[2.785][FINER]:     Done waiting for all views to stop loading
[2.813][FINER]:     Waiting for all views to stop loading...
[2.813][FINER]:     Done waiting for all views to stop loading
[2.813][FINE]:      Command finished (/session/724c58da8ba6e81a69f7cb3c3583038a/element) with response {
   "sessionId": "724c58da8ba6e81a69f7cb3c3583038a",
   "status": 0,
   "value": {
      "ELEMENT": ":wdc:1369652154166"
   }
}

[2.814][FINE]:      Command received (/session/724c58da8ba6e81a69f7cb3c3583038a/element/:wdc:1369652154166/text)
[2.814][FINER]:     Waiting for all views to stop loading...
[2.814][FINER]:     Done waiting for all views to stop loading
[2.858][FINER]:     Waiting for all views to stop loading...
[2.858][FINER]:     Done waiting for all views to stop loading
[2.858][FINE]:      Command finished (/session/724c58da8ba6e81a69f7cb3c3583038a/element/:wdc:1369652154166/text) with response {
   "sessionId": "724c58da8ba6e81a69f7cb3c3583038a",
   "status": 0,
   "value": "Matrix Authentication\nSerial Number 55398\n[D,3]\n[G,1]\n[I,2]"
}

[2.889][FINE]:      Command received (/session/724c58da8ba6e81a69f7cb3c3583038a/element) with params {
   "using": "name",
   "value": "message3"
}

[2.889][FINER]:     Waiting for all views to stop loading...
[2.889][FINER]:     Done waiting for all views to stop loading
[2.899][FINER]:     Waiting for all views to stop loading...
[2.900][FINER]:     Done waiting for all views to stop loading
[2.900][FINE]:      Command finished (/session/724c58da8ba6e81a69f7cb3c3583038a/element) with response {
   "sessionId": "724c58da8ba6e81a69f7cb3c3583038a",
   "status": 0,
   "value": {
      "ELEMENT": ":wdc:1369652154167"
   }
}

[2.901][FINE]:      Command received (/session/724c58da8ba6e81a69f7cb3c3583038a/element/:wdc:1369652154167/value) with params {
   "value": [ "" ]
}

[2.901][FINER]:     Waiting for all views to stop loading...
[2.902][FINER]:     Done waiting for all views to stop loading
[2.959][FINER]:     Waiting for all views to stop loading...
[2.959][FINER]:     Done waiting for all views to stop loading
[2.959][FINE]:      Command finished (/session/724c58da8ba6e81a69f7cb3c3583038a/element/:wdc:1369652154167/value) with response {
   "sessionId": "724c58da8ba6e81a69f7cb3c3583038a",
   "status": 0,
   "value": {

   }
}

[2.962][FINE]:      Command received (/session/724c58da8ba6e81a69f7cb3c3583038a/element) with params {
   "using": "name",
   "value": "message4"
}

[2.962][FINER]:     Waiting for all views to stop loading...
[2.962][FINER]:     Done waiting for all views to stop loading
[2.973][FINER]:     Waiting for all views to stop loading...
[2.974][FINER]:     Done waiting for all views to stop loading
[2.974][FINE]:      Command finished (/session/724c58da8ba6e81a69f7cb3c3583038a/element) with response {
   "sessionId": "724c58da8ba6e81a69f7cb3c3583038a",
   "status": 0,
   "value": {
      "ELEMENT": ":wdc:1369652154168"
   }
}

[2.975][FINE]:      Command received (/session/724c58da8ba6e81a69f7cb3c3583038a/element/:wdc:1369652154168/value) with params {
   "value": [ "" ]
}

[2.975][FINER]:     Waiting for all views to stop loading...
[2.975][FINER]:     Done waiting for all views to stop loading
[3.034][FINER]:     Waiting for all views to stop loading...
[3.035][FINER]:     Done waiting for all views to stop loading
[3.035][FINE]:      Command finished (/session/724c58da8ba6e81a69f7cb3c3583038a/element/:wdc:1369652154168/value) with response {
   "sessionId": "724c58da8ba6e81a69f7cb3c3583038a",
   "status": 0,
   "value": {

   }
}

[3.038][FINE]:      Command received (/session/724c58da8ba6e81a69f7cb3c3583038a/element) with params {
   "using": "name",
   "value": "message5"
}

[3.038][FINER]:     Waiting for all views to stop loading...
[3.039][FINER]:     Done waiting for all views to stop loading
[3.049][FINER]:     Waiting for all views to stop loading...
[3.049][FINER]:     Done waiting for all views to stop loading
[3.049][FINE]:      Command finished (/session/724c58da8ba6e81a69f7cb3c3583038a/element) with response {
   "sessionId": "724c58da8ba6e81a69f7cb3c3583038a",
   "status": 0,
   "value": {
      "ELEMENT": ":wdc:1369652154169"
   }
}

[3.051][FINE]:      Command received (/session/724c58da8ba6e81a69f7cb3c3583038a/element/:wdc:1369652154169/value) with params {
   "value": [ "" ]
}

[3.051][FINER]:     Waiting for all views to stop loading...
[3.051][FINER]:     Done waiting for all views to stop loading
[3.138][FINER]:     Waiting for all views to stop loading...
[3.139][FINER]:     Done waiting for all views to stop loading
[3.139][FINE]:      Command finished (/session/724c58da8ba6e81a69f7cb3c3583038a/element/:wdc:1369652154169/value) with response {
   "sessionId": "724c58da8ba6e81a69f7cb3c3583038a",
   "status": 0,
   "value": {

   }
}

[3.141][FINE]:      Command received (/session/724c58da8ba6e81a69f7cb3c3583038a/element) with params {
   "using": "name",
   "value": "OK"
}

[3.141][FINER]:     Waiting for all views to stop loading...
[3.141][FINER]:     Done waiting for all views to stop loading
[3.145][FINER]:     Waiting for all views to stop loading...
[3.145][FINER]:     Done waiting for all views to stop loading
[3.145][FINE]:      Command finished (/session/724c58da8ba6e81a69f7cb3c3583038a/element) with response {
   "sessionId": "724c58da8ba6e81a69f7cb3c3583038a",
   "status": 0,
   "value": {
      "ELEMENT": ":wdc:1369652154170"
   }
}

[3.146][FINE]:      Command received (/session/724c58da8ba6e81a69f7cb3c3583038a/element/:wdc:1369652154170/click) with params {

}

[3.146][FINER]:     Waiting for all views to stop loading...
[3.146][FINER]:     Done waiting for all views to stop loading
[3.182][FINER]:     Waiting for all views to stop loading...
[3.254][FINER]:     Done waiting for all views to stop loading
[3.254][FINE]:      Command finished (/session/724c58da8ba6e81a69f7cb3c3583038a/element/:wdc:1369652154170/click) with response {
   "sessionId": "724c58da8ba6e81a69f7cb3c3583038a",
   "status": 0,
   "value": {

   }
}

[3.256][FINE]:      Command received (/session/724c58da8ba6e81a69f7cb3c3583038a/element) with params {
   "using": "link text",
   "value": "Tokyo Tech Mail"
}

[3.256][FINER]:     Waiting for all views to stop loading...
[3.299][FINER]:     Done waiting for all views to stop loading
[3.313][FINER]:     Waiting for all views to stop loading...
[3.313][FINER]:     Done waiting for all views to stop loading
[3.313][WARNING]:   Command finished (/session/724c58da8ba6e81a69f7cb3c3583038a/element) with response {
   "sessionId": "724c58da8ba6e81a69f7cb3c3583038a",
   "status": 7,
   "value": {
      "message": "The element could not be found"
   }
}

